<?xml version="1.0" encoding="UTF-8" standalone="no"?>
<!DOCTYPE log SYSTEM "logger.dtd">
<log>
<record>
  <date>2018-11-20T11:02:01</date>
  <millis>1542691921608</millis>
  <sequence>0</sequence>
  <level>START</level>
  <class>com.kms.katalon.core.logging.KeywordLogger</class>
  <method>startSuite</method>
  <thread>1</thread>
  <message>Start Test Suite : Test Suites/Nirmal/EndtoEndSceanrio</message>
  <nestedLevel>0</nestedLevel>
  <property name="name">EndtoEndSceanrio</property>
  <property name="description"></property>
  <property name="id">Test Suites/Nirmal/EndtoEndSceanrio</property>
</record>
<record>
  <date>2018-11-20T11:02:01</date>
  <millis>1542691921628</millis>
  <sequence>1</sequence>
  <level>RUN_DATA</level>
  <class>com.kms.katalon.core.logging.KeywordLogger</class>
  <method>logMessage</method>
  <thread>1</thread>
  <message>Logging run data &amp;apos;hostName&amp;apos; with value &amp;apos;mojidra_n - Nirmal-M.India.XoriantCorp.com&amp;apos;</message>
  <nestedLevel>0</nestedLevel>
  <property name="hostName">mojidra_n - Nirmal-M.India.XoriantCorp.com</property>
</record>
<record>
  <date>2018-11-20T11:02:01</date>
  <millis>1542691921630</millis>
  <sequence>2</sequence>
  <level>RUN_DATA</level>
  <class>com.kms.katalon.core.logging.KeywordLogger</class>
  <method>logMessage</method>
  <thread>1</thread>
  <message>Logging run data &amp;apos;os&amp;apos; with value &amp;apos;Windows 10 64bit&amp;apos;</message>
  <nestedLevel>0</nestedLevel>
  <property name="os">Windows 10 64bit</property>
</record>
<record>
  <date>2018-11-20T11:02:01</date>
  <millis>1542691921630</millis>
  <sequence>3</sequence>
  <level>RUN_DATA</level>
  <class>com.kms.katalon.core.logging.KeywordLogger</class>
  <method>logMessage</method>
  <thread>1</thread>
  <message>Logging run data &amp;apos;hostAddress&amp;apos; with value &amp;apos;10.20.4.197&amp;apos;</message>
  <nestedLevel>0</nestedLevel>
  <property name="hostAddress">10.20.4.197</property>
</record>
<record>
  <date>2018-11-20T11:02:01</date>
  <millis>1542691921631</millis>
  <sequence>4</sequence>
  <level>RUN_DATA</level>
  <class>com.kms.katalon.core.logging.KeywordLogger</class>
  <method>logMessage</method>
  <thread>1</thread>
  <message>Logging run data &amp;apos;katalonVersion&amp;apos; with value &amp;apos;5.8.6.1&amp;apos;</message>
  <nestedLevel>0</nestedLevel>
  <property name="katalonVersion">5.8.6.1</property>
</record>
<record>
  <date>2018-11-20T11:02:01</date>
  <millis>1542691921963</millis>
  <sequence>5</sequence>
  <level>START</level>
  <class>com.kms.katalon.core.logging.KeywordLogger</class>
  <method>startTest</method>
  <thread>1</thread>
  <message>Start Test Case : Test Cases/Nirmal/TC5 - End To End Scenario</message>
  <nestedLevel>1</nestedLevel>
  <property name="name">Test Cases/Nirmal/TC5 - End To End Scenario</property>
  <property name="description"></property>
  <property name="id">Test Cases/Nirmal/TC5 - End To End Scenario</property>
  <property name="source">D:\\Demo\\KatalonDemo\\Test Cases\\Nirmal\\TC5 - End To End Scenario.tc</property>
  <property name="isOptional">false</property>
</record>
<record>
  <date>2018-11-20T11:02:01</date>
  <millis>1542691921998</millis>
  <sequence>6</sequence>
  <level>INFO</level>
  <class>com.kms.katalon.core.logging.KeywordLogger</class>
  <method>logMessage</method>
  <thread>1</thread>
  <message>Evaluating variables for test case</message>
  <nestedLevel>1</nestedLevel>
</record>
<record>
  <date>2018-11-20T11:02:02</date>
  <millis>1542691922000</millis>
  <sequence>7</sequence>
  <level>INFO</level>
  <class>com.kms.katalon.core.logging.KeywordLogger</class>
  <method>logMessage</method>
  <thread>1</thread>
  <message>Variable &amp;apos;First_name&amp;apos; is set to Test123</message>
  <nestedLevel>1</nestedLevel>
</record>
<record>
  <date>2018-11-20T11:02:02</date>
  <millis>1542691922000</millis>
  <sequence>8</sequence>
  <level>INFO</level>
  <class>com.kms.katalon.core.logging.KeywordLogger</class>
  <method>logMessage</method>
  <thread>1</thread>
  <message>Variable &amp;apos;Last_name&amp;apos; is set to katalon</message>
  <nestedLevel>1</nestedLevel>
</record>
<record>
  <date>2018-11-20T11:02:02</date>
  <millis>1542691922000</millis>
  <sequence>9</sequence>
  <level>INFO</level>
  <class>com.kms.katalon.core.logging.KeywordLogger</class>
  <method>logMessage</method>
  <thread>1</thread>
  <message>Variable &amp;apos;Zip_postal_code&amp;apos; is set to 411037</message>
  <nestedLevel>1</nestedLevel>
</record>
<record>
  <date>2018-11-20T11:02:02</date>
  <millis>1542691922000</millis>
  <sequence>10</sequence>
  <level>INFO</level>
  <class>com.kms.katalon.core.logging.KeywordLogger</class>
  <method>logMessage</method>
  <thread>1</thread>
  <message>Variable &amp;apos;Company&amp;apos; is set to Electronica</message>
  <nestedLevel>1</nestedLevel>
</record>
<record>
  <date>2018-11-20T11:02:02</date>
  <millis>1542691922000</millis>
  <sequence>11</sequence>
  <level>INFO</level>
  <class>com.kms.katalon.core.logging.KeywordLogger</class>
  <method>logMessage</method>
  <thread>1</thread>
  <message>Variable &amp;apos;City&amp;apos; is set to Bombay</message>
  <nestedLevel>1</nestedLevel>
</record>
<record>
  <date>2018-11-20T11:02:02</date>
  <millis>1542691922000</millis>
  <sequence>12</sequence>
  <level>INFO</level>
  <class>com.kms.katalon.core.logging.KeywordLogger</class>
  <method>logMessage</method>
  <thread>1</thread>
  <message>Variable &amp;apos;Address_1&amp;apos; is set to RockStar Road RockStar Soc</message>
  <nestedLevel>1</nestedLevel>
</record>
<record>
  <date>2018-11-20T11:02:02</date>
  <millis>1542691922000</millis>
  <sequence>13</sequence>
  <level>INFO</level>
  <class>com.kms.katalon.core.logging.KeywordLogger</class>
  <method>logMessage</method>
  <thread>1</thread>
  <message>Variable &amp;apos;Address_2&amp;apos; is set to Flat no 1001</message>
  <nestedLevel>1</nestedLevel>
</record>
<record>
  <date>2018-11-20T11:02:02</date>
  <millis>1542691922117</millis>
  <sequence>14</sequence>
  <level>INFO</level>
  <class>com.kms.katalon.core.logging.KeywordLogger</class>
  <method>logMessage</method>
  <thread>1</thread>
  <message>Variable &amp;apos;Zip_postal_code_1&amp;apos; is set to  as default</message>
  <nestedLevel>1</nestedLevel>
</record>
<record>
  <date>2018-11-20T11:02:02</date>
  <millis>1542691922118</millis>
  <sequence>15</sequence>
  <level>INFO</level>
  <class>com.kms.katalon.core.logging.KeywordLogger</class>
  <method>logMessage</method>
  <thread>1</thread>
  <message>Variable &amp;apos;Phone_number&amp;apos; is set to 9922445566</message>
  <nestedLevel>1</nestedLevel>
</record>
<record>
  <date>2018-11-20T11:02:02</date>
  <millis>1542691922119</millis>
  <sequence>16</sequence>
  <level>INFO</level>
  <class>com.kms.katalon.core.logging.KeywordLogger</class>
  <method>logMessage</method>
  <thread>1</thread>
  <message>Variable &amp;apos;Fax_number&amp;apos; is set to +44 161 999 8888</message>
  <nestedLevel>1</nestedLevel>
</record>
<record>
  <date>2018-11-20T11:02:02</date>
  <millis>1542691922119</millis>
  <sequence>17</sequence>
  <level>INFO</level>
  <class>com.kms.katalon.core.logging.KeywordLogger</class>
  <method>logMessage</method>
  <thread>1</thread>
  <message>Variable &amp;apos;Cardholder_name&amp;apos; is set to John Doe</message>
  <nestedLevel>1</nestedLevel>
</record>
<record>
  <date>2018-11-20T11:02:02</date>
  <millis>1542691922119</millis>
  <sequence>18</sequence>
  <level>INFO</level>
  <class>com.kms.katalon.core.logging.KeywordLogger</class>
  <method>logMessage</method>
  <thread>1</thread>
  <message>Variable &amp;apos;Card_number&amp;apos; is set to 378282246310005</message>
  <nestedLevel>1</nestedLevel>
</record>
<record>
  <date>2018-11-20T11:02:02</date>
  <millis>1542691922119</millis>
  <sequence>19</sequence>
  <level>INFO</level>
  <class>com.kms.katalon.core.logging.KeywordLogger</class>
  <method>logMessage</method>
  <thread>1</thread>
  <message>Variable &amp;apos;Card_code&amp;apos; is set to 111</message>
  <nestedLevel>1</nestedLevel>
</record>
<record>
  <date>2018-11-20T11:02:02</date>
  <millis>1542691922550</millis>
  <sequence>20</sequence>
  <level>START</level>
  <class>com.kms.katalon.core.logging.KeywordLogger</class>
  <method>startKeyword</method>
  <thread>1</thread>
  <message>Start action : openBrowser</message>
  <nestedLevel>1</nestedLevel>
  <property name="startLine">23</property>
  <property name="stepIndex">1</property>
</record>
<record>
  <date>2018-11-20T11:02:02</date>
  <millis>1542691922842</millis>
  <sequence>21</sequence>
  <level>INFO</level>
  <class>com.kms.katalon.core.logging.KeywordLogger</class>
  <method>logMessage</method>
  <thread>1</thread>
  <message>Opening browser</message>
  <nestedLevel>1</nestedLevel>
</record>
<record>
  <date>2018-11-20T11:02:02</date>
  <millis>1542691922843</millis>
  <sequence>22</sequence>
  <level>INFO</level>
  <class>com.kms.katalon.core.logging.KeywordLogger</class>
  <method>logMessage</method>
  <thread>1</thread>
  <message>Starting &amp;apos;Chrome&amp;apos; driver</message>
  <nestedLevel>1</nestedLevel>
</record>
<record>
  <date>2018-11-20T11:02:02</date>
  <millis>1542691922878</millis>
  <sequence>23</sequence>
  <level>INFO</level>
  <class>com.kms.katalon.core.logging.KeywordLogger</class>
  <method>logMessage</method>
  <thread>1</thread>
  <message>Action delay is set to 0 seconds</message>
  <nestedLevel>1</nestedLevel>
</record>
<record>
  <date>2018-11-20T11:02:06</date>
  <millis>1542691926002</millis>
  <sequence>25</sequence>
  <level>RUN_DATA</level>
  <class>com.kms.katalon.core.logging.KeywordLogger</class>
  <method>logMessage</method>
  <thread>1</thread>
  <message>Logging run data &amp;apos;sessionId&amp;apos; with value &amp;apos;b8d2d54f72883122804827b44ba8f3fb&amp;apos;</message>
  <nestedLevel>1</nestedLevel>
  <property name="sessionId">b8d2d54f72883122804827b44ba8f3fb</property>
</record>
<record>
  <date>2018-11-20T11:02:06</date>
  <millis>1542691926296</millis>
  <sequence>26</sequence>
  <level>RUN_DATA</level>
  <class>com.kms.katalon.core.logging.KeywordLogger</class>
  <method>logMessage</method>
  <thread>1</thread>
  <message>Logging run data &amp;apos;browser&amp;apos; with value &amp;apos;Chrome 70.0.3538.102&amp;apos;</message>
  <nestedLevel>1</nestedLevel>
  <property name="browser">Chrome 70.0.3538.102</property>
</record>
<record>
  <date>2018-11-20T11:02:06</date>
  <millis>1542691926297</millis>
  <sequence>27</sequence>
  <level>RUN_DATA</level>
  <class>com.kms.katalon.core.logging.KeywordLogger</class>
  <method>logMessage</method>
  <thread>1</thread>
  <message>Logging run data &amp;apos;platform&amp;apos; with value &amp;apos;Windows 10&amp;apos;</message>
  <nestedLevel>1</nestedLevel>
  <property name="platform">Windows 10</property>
</record>
<record>
  <date>2018-11-20T11:02:06</date>
  <millis>1542691926298</millis>
  <sequence>28</sequence>
  <level>RUN_DATA</level>
  <class>com.kms.katalon.core.logging.KeywordLogger</class>
  <method>logMessage</method>
  <thread>1</thread>
  <message>Logging run data &amp;apos;seleniumVersion&amp;apos; with value &amp;apos;3.7.1&amp;apos;</message>
  <nestedLevel>1</nestedLevel>
  <property name="seleniumVersion">3.7.1</property>
</record>
<record>
  <date>2018-11-20T11:02:06</date>
  <millis>1542691926299</millis>
  <sequence>29</sequence>
  <level>RUN_DATA</level>
  <class>com.kms.katalon.core.logging.KeywordLogger</class>
  <method>logMessage</method>
  <thread>1</thread>
  <message>Logging run data &amp;apos;proxyInformation&amp;apos; with value &amp;apos;ProxyInformation{proxyOption=NO_PROXY, proxyServerType=HTTP, password=, proxyServerAddress=, proxyServerPort=0}&amp;apos;</message>
  <nestedLevel>1</nestedLevel>
  <property name="proxyInformation">ProxyInformation{proxyOption=NO_PROXY, proxyServerType=HTTP, password=, proxyServerAddress=, proxyServerPort=0}</property>
</record>
<record>
  <date>2018-11-20T11:02:06</date>
  <millis>1542691926300</millis>
  <sequence>30</sequence>
  <level>PASSED</level>
  <class>com.kms.katalon.core.logging.KeywordLogger</class>
  <method>logMessage</method>
  <thread>1</thread>
  <message>Browser is opened with url: &amp;apos;&amp;apos;</message>
  <nestedLevel>1</nestedLevel>
</record>
<record>
  <date>2018-11-20T11:02:06</date>
  <millis>1542691926300</millis>
  <sequence>31</sequence>
  <level>END</level>
  <class>com.kms.katalon.core.logging.KeywordLogger</class>
  <method>endKeyword</method>
  <thread>1</thread>
  <message>End action : openBrowser</message>
  <nestedLevel>1</nestedLevel>
</record>
<record>
  <date>2018-11-20T11:02:06</date>
  <millis>1542691926300</millis>
  <sequence>32</sequence>
  <level>START</level>
  <class>com.kms.katalon.core.logging.KeywordLogger</class>
  <method>startKeyword</method>
  <thread>1</thread>
  <message>Start action : navigateToUrl</message>
  <nestedLevel>1</nestedLevel>
  <property name="startLine">25</property>
  <property name="stepIndex">2</property>
</record>
<record>
  <date>2018-11-20T11:02:06</date>
  <millis>1542691926310</millis>
  <sequence>33</sequence>
  <level>INFO</level>
  <class>com.kms.katalon.core.logging.KeywordLogger</class>
  <method>logMessage</method>
  <thread>1</thread>
  <message>Checking url</message>
  <nestedLevel>1</nestedLevel>
</record>
<record>
  <date>2018-11-20T11:02:06</date>
  <millis>1542691926313</millis>
  <sequence>34</sequence>
  <level>INFO</level>
  <class>com.kms.katalon.core.logging.KeywordLogger</class>
  <method>logMessage</method>
  <thread>1</thread>
  <message>Navigating to &amp;apos;http://demowebshop.tricentis.com/&amp;apos;</message>
  <nestedLevel>1</nestedLevel>
</record>
<record>
  <date>2018-11-20T11:02:08</date>
  <millis>1542691928980</millis>
  <sequence>35</sequence>
  <level>PASSED</level>
  <class>com.kms.katalon.core.logging.KeywordLogger</class>
  <method>logMessage</method>
  <thread>1</thread>
  <message>Navigate to &amp;apos;http://demowebshop.tricentis.com/&amp;apos; successfully</message>
  <nestedLevel>1</nestedLevel>
</record>
<record>
  <date>2018-11-20T11:02:08</date>
  <millis>1542691928981</millis>
  <sequence>36</sequence>
  <level>END</level>
  <class>com.kms.katalon.core.logging.KeywordLogger</class>
  <method>endKeyword</method>
  <thread>1</thread>
  <message>End action : navigateToUrl</message>
  <nestedLevel>1</nestedLevel>
</record>
<record>
  <date>2018-11-20T11:02:08</date>
  <millis>1542691928981</millis>
  <sequence>37</sequence>
  <level>START</level>
  <class>com.kms.katalon.core.logging.KeywordLogger</class>
  <method>startKeyword</method>
  <thread>1</thread>
  <message>Start action : maximizeWindow</message>
  <nestedLevel>1</nestedLevel>
  <property name="startLine">27</property>
  <property name="stepIndex">3</property>
</record>
<record>
  <date>2018-11-20T11:02:08</date>
  <millis>1542691928988</millis>
  <sequence>38</sequence>
  <level>INFO</level>
  <class>com.kms.katalon.core.logging.KeywordLogger</class>
  <method>logMessage</method>
  <thread>1</thread>
  <message>Maximizing current window</message>
  <nestedLevel>1</nestedLevel>
</record>
<record>
  <date>2018-11-20T11:02:10</date>
  <millis>1542691930122</millis>
  <sequence>39</sequence>
  <level>PASSED</level>
  <class>com.kms.katalon.core.logging.KeywordLogger</class>
  <method>logMessage</method>
  <thread>1</thread>
  <message>Current window maximized</message>
  <nestedLevel>1</nestedLevel>
</record>
<record>
  <date>2018-11-20T11:02:10</date>
  <millis>1542691930122</millis>
  <sequence>40</sequence>
  <level>END</level>
  <class>com.kms.katalon.core.logging.KeywordLogger</class>
  <method>endKeyword</method>
  <thread>1</thread>
  <message>End action : maximizeWindow</message>
  <nestedLevel>1</nestedLevel>
</record>
<record>
  <date>2018-11-20T11:02:10</date>
  <millis>1542691930122</millis>
  <sequence>41</sequence>
  <level>START</level>
  <class>com.kms.katalon.core.logging.KeywordLogger</class>
  <method>startKeyword</method>
  <thread>1</thread>
  <message>Start action : delay</message>
  <nestedLevel>1</nestedLevel>
  <property name="startLine">29</property>
  <property name="stepIndex">4</property>
</record>
<record>
  <date>2018-11-20T11:02:10</date>
  <millis>1542691930128</millis>
  <sequence>42</sequence>
  <level>INFO</level>
  <class>com.kms.katalon.core.logging.KeywordLogger</class>
  <method>logMessage</method>
  <thread>1</thread>
  <message>Delaying browser in 5 second(s)</message>
  <nestedLevel>1</nestedLevel>
</record>
<record>
  <date>2018-11-20T11:02:15</date>
  <millis>1542691935129</millis>
  <sequence>43</sequence>
  <level>PASSED</level>
  <class>com.kms.katalon.core.logging.KeywordLogger</class>
  <method>logMessage</method>
  <thread>1</thread>
  <message>Delayed 5 second(s)</message>
  <nestedLevel>1</nestedLevel>
</record>
<record>
  <date>2018-11-20T11:02:15</date>
  <millis>1542691935129</millis>
  <sequence>44</sequence>
  <level>END</level>
  <class>com.kms.katalon.core.logging.KeywordLogger</class>
  <method>endKeyword</method>
  <thread>1</thread>
  <message>End action : delay</message>
  <nestedLevel>1</nestedLevel>
</record>
<record>
  <date>2018-11-20T11:02:15</date>
  <millis>1542691935130</millis>
  <sequence>45</sequence>
  <level>START</level>
  <class>com.kms.katalon.core.logging.KeywordLogger</class>
  <method>startKeyword</method>
  <thread>1</thread>
  <message>Start action : click</message>
  <nestedLevel>1</nestedLevel>
  <property name="startLine">31</property>
  <property name="stepIndex">5</property>
</record>
<record>
  <date>2018-11-20T11:02:15</date>
  <millis>1542691935134</millis>
  <sequence>46</sequence>
  <level>INFO</level>
  <class>com.kms.katalon.core.logging.KeywordLogger</class>
  <method>logMessage</method>
  <thread>1</thread>
  <message>Finding Test Object with id &amp;apos;Object Repository/End To End Senario/Page_Demo Web Shop/a_Register&amp;apos;</message>
  <nestedLevel>1</nestedLevel>
</record>
<record>
  <date>2018-11-20T11:02:15</date>
  <millis>1542691935158</millis>
  <sequence>47</sequence>
  <level>INFO</level>
  <class>com.kms.katalon.core.logging.KeywordLogger</class>
  <method>logMessage</method>
  <thread>1</thread>
  <message>Checking object</message>
  <nestedLevel>1</nestedLevel>
</record>
<record>
  <date>2018-11-20T11:02:15</date>
  <millis>1542691935158</millis>
  <sequence>48</sequence>
  <level>INFO</level>
  <class>com.kms.katalon.core.logging.KeywordLogger</class>
  <method>logMessage</method>
  <thread>1</thread>
  <message>Checking timeout</message>
  <nestedLevel>1</nestedLevel>
</record>
<record>
  <date>2018-11-20T11:02:15</date>
  <millis>1542691935191</millis>
  <sequence>49</sequence>
  <level>INFO</level>
  <class>com.kms.katalon.core.logging.KeywordLogger</class>
  <method>logMessage</method>
  <thread>1</thread>
  <message>Finding web element with id: &amp;apos;Object Repository/End To End Senario/Page_Demo Web Shop/a_Register&amp;apos; located by &amp;apos;By.xpath: /html[1]/body[1]/div[@class=\&amp;quot;master-wrapper-page\&amp;quot;]/div[@class=\&amp;quot;master-wrapper-content\&amp;quot;]/div[@class=\&amp;quot;header\&amp;quot;]/div[@class=\&amp;quot;header-links-wrapper\&amp;quot;]/div[@class=\&amp;quot;header-links\&amp;quot;]/ul[1]/li[1]/a[@class=\&amp;quot;ico-register\&amp;quot;][count(. | //a[@href = &amp;apos;/register&amp;apos; and @class = &amp;apos;ico-register&amp;apos; and (text() = &amp;apos;Register&amp;apos; or . = &amp;apos;Register&amp;apos;)]) = count(//a[@href = &amp;apos;/register&amp;apos; and @class = &amp;apos;ico-register&amp;apos; and (text() = &amp;apos;Register&amp;apos; or . = &amp;apos;Register&amp;apos;)])]&amp;apos; in &amp;apos;30&amp;apos; second(s)</message>
  <nestedLevel>1</nestedLevel>
</record>
<record>
  <date>2018-11-20T11:02:15</date>
  <millis>1542691935224</millis>
  <sequence>50</sequence>
  <level>INFO</level>
  <class>com.kms.katalon.core.logging.KeywordLogger</class>
  <method>logMessage</method>
  <thread>1</thread>
  <message>Found 1 web elements with id: &amp;apos;Object Repository/End To End Senario/Page_Demo Web Shop/a_Register&amp;apos; located by &amp;apos;By.xpath: /html[1]/body[1]/div[@class=\&amp;quot;master-wrapper-page\&amp;quot;]/div[@class=\&amp;quot;master-wrapper-content\&amp;quot;]/div[@class=\&amp;quot;header\&amp;quot;]/div[@class=\&amp;quot;header-links-wrapper\&amp;quot;]/div[@class=\&amp;quot;header-links\&amp;quot;]/ul[1]/li[1]/a[@class=\&amp;quot;ico-register\&amp;quot;][count(. | //a[@href = &amp;apos;/register&amp;apos; and @class = &amp;apos;ico-register&amp;apos; and (text() = &amp;apos;Register&amp;apos; or . = &amp;apos;Register&amp;apos;)]) = count(//a[@href = &amp;apos;/register&amp;apos; and @class = &amp;apos;ico-register&amp;apos; and (text() = &amp;apos;Register&amp;apos; or . = &amp;apos;Register&amp;apos;)])]&amp;apos; in &amp;apos;30&amp;apos; second(s)</message>
  <nestedLevel>1</nestedLevel>
</record>
<record>
  <date>2018-11-20T11:02:15</date>
  <millis>1542691935224</millis>
  <sequence>51</sequence>
  <level>INFO</level>
  <class>com.kms.katalon.core.logging.KeywordLogger</class>
  <method>logMessage</method>
  <thread>1</thread>
  <message>Clicking on object: &amp;apos;Object Repository/End To End Senario/Page_Demo Web Shop/a_Register&amp;apos;</message>
  <nestedLevel>1</nestedLevel>
</record>
<record>
  <date>2018-11-20T11:02:15</date>
  <millis>1542691935812</millis>
  <sequence>52</sequence>
  <level>PASSED</level>
  <class>com.kms.katalon.core.logging.KeywordLogger</class>
  <method>logMessage</method>
  <thread>1</thread>
  <message>Object: &amp;apos;Object Repository/End To End Senario/Page_Demo Web Shop/a_Register&amp;apos; is clicked on</message>
  <nestedLevel>1</nestedLevel>
</record>
<record>
  <date>2018-11-20T11:02:15</date>
  <millis>1542691935813</millis>
  <sequence>53</sequence>
  <level>END</level>
  <class>com.kms.katalon.core.logging.KeywordLogger</class>
  <method>endKeyword</method>
  <thread>1</thread>
  <message>End action : click</message>
  <nestedLevel>1</nestedLevel>
</record>
<record>
  <date>2018-11-20T11:02:15</date>
  <millis>1542691935813</millis>
  <sequence>54</sequence>
  <level>START</level>
  <class>com.kms.katalon.core.logging.KeywordLogger</class>
  <method>startKeyword</method>
  <thread>1</thread>
  <message>Start action : click</message>
  <nestedLevel>1</nestedLevel>
  <property name="startLine">33</property>
  <property name="stepIndex">6</property>
</record>
<record>
  <date>2018-11-20T11:02:15</date>
  <millis>1542691935814</millis>
  <sequence>55</sequence>
  <level>INFO</level>
  <class>com.kms.katalon.core.logging.KeywordLogger</class>
  <method>logMessage</method>
  <thread>1</thread>
  <message>Finding Test Object with id &amp;apos;Object Repository/End To End Senario/Page_Demo Web Shop. Register/input_Gender_Gender&amp;apos;</message>
  <nestedLevel>1</nestedLevel>
</record>
<record>
  <date>2018-11-20T11:02:15</date>
  <millis>1542691935818</millis>
  <sequence>56</sequence>
  <level>INFO</level>
  <class>com.kms.katalon.core.logging.KeywordLogger</class>
  <method>logMessage</method>
  <thread>1</thread>
  <message>Checking object</message>
  <nestedLevel>1</nestedLevel>
</record>
<record>
  <date>2018-11-20T11:02:15</date>
  <millis>1542691935819</millis>
  <sequence>57</sequence>
  <level>INFO</level>
  <class>com.kms.katalon.core.logging.KeywordLogger</class>
  <method>logMessage</method>
  <thread>1</thread>
  <message>Checking timeout</message>
  <nestedLevel>1</nestedLevel>
</record>
<record>
  <date>2018-11-20T11:02:15</date>
  <millis>1542691935819</millis>
  <sequence>58</sequence>
  <level>INFO</level>
  <class>com.kms.katalon.core.logging.KeywordLogger</class>
  <method>logMessage</method>
  <thread>1</thread>
  <message>Finding web element with id: &amp;apos;Object Repository/End To End Senario/Page_Demo Web Shop. Register/input_Gender_Gender&amp;apos; located by &amp;apos;By.xpath: id(\&amp;quot;gender-male\&amp;quot;)[count(. | //input[@id = &amp;apos;gender-male&amp;apos; and @name = &amp;apos;Gender&amp;apos; and @type = &amp;apos;radio&amp;apos; and @value = &amp;apos;M&amp;apos;]) = count(//input[@id = &amp;apos;gender-male&amp;apos; and @name = &amp;apos;Gender&amp;apos; and @type = &amp;apos;radio&amp;apos; and @value = &amp;apos;M&amp;apos;])]&amp;apos; in &amp;apos;30&amp;apos; second(s)</message>
  <nestedLevel>1</nestedLevel>
</record>
<record>
  <date>2018-11-20T11:02:15</date>
  <millis>1542691935839</millis>
  <sequence>59</sequence>
  <level>INFO</level>
  <class>com.kms.katalon.core.logging.KeywordLogger</class>
  <method>logMessage</method>
  <thread>1</thread>
  <message>Found 1 web elements with id: &amp;apos;Object Repository/End To End Senario/Page_Demo Web Shop. Register/input_Gender_Gender&amp;apos; located by &amp;apos;By.xpath: id(\&amp;quot;gender-male\&amp;quot;)[count(. | //input[@id = &amp;apos;gender-male&amp;apos; and @name = &amp;apos;Gender&amp;apos; and @type = &amp;apos;radio&amp;apos; and @value = &amp;apos;M&amp;apos;]) = count(//input[@id = &amp;apos;gender-male&amp;apos; and @name = &amp;apos;Gender&amp;apos; and @type = &amp;apos;radio&amp;apos; and @value = &amp;apos;M&amp;apos;])]&amp;apos; in &amp;apos;30&amp;apos; second(s)</message>
  <nestedLevel>1</nestedLevel>
</record>
<record>
  <date>2018-11-20T11:02:15</date>
  <millis>1542691935839</millis>
  <sequence>60</sequence>
  <level>INFO</level>
  <class>com.kms.katalon.core.logging.KeywordLogger</class>
  <method>logMessage</method>
  <thread>1</thread>
  <message>Clicking on object: &amp;apos;Object Repository/End To End Senario/Page_Demo Web Shop. Register/input_Gender_Gender&amp;apos;</message>
  <nestedLevel>1</nestedLevel>
</record>
<record>
  <date>2018-11-20T11:02:15</date>
  <millis>1542691935890</millis>
  <sequence>61</sequence>
  <level>PASSED</level>
  <class>com.kms.katalon.core.logging.KeywordLogger</class>
  <method>logMessage</method>
  <thread>1</thread>
  <message>Object: &amp;apos;Object Repository/End To End Senario/Page_Demo Web Shop. Register/input_Gender_Gender&amp;apos; is clicked on</message>
  <nestedLevel>1</nestedLevel>
</record>
<record>
  <date>2018-11-20T11:02:15</date>
  <millis>1542691935891</millis>
  <sequence>62</sequence>
  <level>END</level>
  <class>com.kms.katalon.core.logging.KeywordLogger</class>
  <method>endKeyword</method>
  <thread>1</thread>
  <message>End action : click</message>
  <nestedLevel>1</nestedLevel>
</record>
<record>
  <date>2018-11-20T11:02:15</date>
  <millis>1542691935892</millis>
  <sequence>63</sequence>
  <level>START</level>
  <class>com.kms.katalon.core.logging.KeywordLogger</class>
  <method>startKeyword</method>
  <thread>1</thread>
  <message>Start action : sendKeys</message>
  <nestedLevel>1</nestedLevel>
  <property name="startLine">35</property>
  <property name="stepIndex">7</property>
</record>
<record>
  <date>2018-11-20T11:02:15</date>
  <millis>1542691935893</millis>
  <sequence>64</sequence>
  <level>INFO</level>
  <class>com.kms.katalon.core.logging.KeywordLogger</class>
  <method>logMessage</method>
  <thread>1</thread>
  <message>Finding Test Object with id &amp;apos;Object Repository/End To End Senario/Page_Demo Web Shop. Register/input_First name_FirstName&amp;apos;</message>
  <nestedLevel>1</nestedLevel>
</record>
<record>
  <date>2018-11-20T11:02:15</date>
  <millis>1542691935970</millis>
  <sequence>65</sequence>
  <level>INFO</level>
  <class>com.kms.katalon.core.logging.KeywordLogger</class>
  <method>logMessage</method>
  <thread>1</thread>
  <message>Sending keys &amp;apos;Test123&amp;apos; to object: &amp;apos;Object Repository/End To End Senario/Page_Demo Web Shop. Register/input_First name_FirstName&amp;apos;</message>
  <nestedLevel>1</nestedLevel>
</record>
<record>
  <date>2018-11-20T11:02:15</date>
  <millis>1542691935970</millis>
  <sequence>66</sequence>
  <level>INFO</level>
  <class>com.kms.katalon.core.logging.KeywordLogger</class>
  <method>logMessage</method>
  <thread>1</thread>
  <message>Checking timeout</message>
  <nestedLevel>1</nestedLevel>
</record>
<record>
  <date>2018-11-20T11:02:15</date>
  <millis>1542691935970</millis>
  <sequence>67</sequence>
  <level>INFO</level>
  <class>com.kms.katalon.core.logging.KeywordLogger</class>
  <method>logMessage</method>
  <thread>1</thread>
  <message>Finding web element with id: &amp;apos;Object Repository/End To End Senario/Page_Demo Web Shop. Register/input_First name_FirstName&amp;apos; located by &amp;apos;By.xpath: id(\&amp;quot;FirstName\&amp;quot;)[count(. | //input[@class = &amp;apos;text-box single-line&amp;apos; and @data-val = &amp;apos;true&amp;apos; and @data-val-required = &amp;apos;First name is required.&amp;apos; and @id = &amp;apos;FirstName&amp;apos; and @name = &amp;apos;FirstName&amp;apos; and @type = &amp;apos;text&amp;apos;]) = count(//input[@class = &amp;apos;text-box single-line&amp;apos; and @data-val = &amp;apos;true&amp;apos; and @data-val-required = &amp;apos;First name is required.&amp;apos; and @id = &amp;apos;FirstName&amp;apos; and @name = &amp;apos;FirstName&amp;apos; and @type = &amp;apos;text&amp;apos;])]&amp;apos; in &amp;apos;30&amp;apos; second(s)</message>
  <nestedLevel>1</nestedLevel>
</record>
<record>
  <date>2018-11-20T11:02:16</date>
  <millis>1542691936000</millis>
  <sequence>68</sequence>
  <level>INFO</level>
  <class>com.kms.katalon.core.logging.KeywordLogger</class>
  <method>logMessage</method>
  <thread>1</thread>
  <message>Found 1 web elements with id: &amp;apos;Object Repository/End To End Senario/Page_Demo Web Shop. Register/input_First name_FirstName&amp;apos; located by &amp;apos;By.xpath: id(\&amp;quot;FirstName\&amp;quot;)[count(. | //input[@class = &amp;apos;text-box single-line&amp;apos; and @data-val = &amp;apos;true&amp;apos; and @data-val-required = &amp;apos;First name is required.&amp;apos; and @id = &amp;apos;FirstName&amp;apos; and @name = &amp;apos;FirstName&amp;apos; and @type = &amp;apos;text&amp;apos;]) = count(//input[@class = &amp;apos;text-box single-line&amp;apos; and @data-val = &amp;apos;true&amp;apos; and @data-val-required = &amp;apos;First name is required.&amp;apos; and @id = &amp;apos;FirstName&amp;apos; and @name = &amp;apos;FirstName&amp;apos; and @type = &amp;apos;text&amp;apos;])]&amp;apos; in &amp;apos;30&amp;apos; second(s)</message>
  <nestedLevel>1</nestedLevel>
</record>
<record>
  <date>2018-11-20T11:02:16</date>
  <millis>1542691936096</millis>
  <sequence>69</sequence>
  <level>PASSED</level>
  <class>com.kms.katalon.core.logging.KeywordLogger</class>
  <method>logMessage</method>
  <thread>1</thread>
  <message>Keys &amp;apos;Test123&amp;apos; sent to object: &amp;apos;Object Repository/End To End Senario/Page_Demo Web Shop. Register/input_First name_FirstName&amp;apos;</message>
  <nestedLevel>1</nestedLevel>
</record>
<record>
  <date>2018-11-20T11:02:16</date>
  <millis>1542691936097</millis>
  <sequence>70</sequence>
  <level>END</level>
  <class>com.kms.katalon.core.logging.KeywordLogger</class>
  <method>endKeyword</method>
  <thread>1</thread>
  <message>End action : sendKeys</message>
  <nestedLevel>1</nestedLevel>
</record>
<record>
  <date>2018-11-20T11:02:16</date>
  <millis>1542691936097</millis>
  <sequence>71</sequence>
  <level>START</level>
  <class>com.kms.katalon.core.logging.KeywordLogger</class>
  <method>startKeyword</method>
  <thread>1</thread>
  <message>Start action : sendKeys</message>
  <nestedLevel>1</nestedLevel>
  <property name="startLine">37</property>
  <property name="stepIndex">8</property>
</record>
<record>
  <date>2018-11-20T11:02:16</date>
  <millis>1542691936098</millis>
  <sequence>72</sequence>
  <level>INFO</level>
  <class>com.kms.katalon.core.logging.KeywordLogger</class>
  <method>logMessage</method>
  <thread>1</thread>
  <message>Finding Test Object with id &amp;apos;Object Repository/End To End Senario/Page_Demo Web Shop. Register/input_Last name_LastName&amp;apos;</message>
  <nestedLevel>1</nestedLevel>
</record>
<record>
  <date>2018-11-20T11:02:16</date>
  <millis>1542691936102</millis>
  <sequence>73</sequence>
  <level>INFO</level>
  <class>com.kms.katalon.core.logging.KeywordLogger</class>
  <method>logMessage</method>
  <thread>1</thread>
  <message>Sending keys &amp;apos;katalon&amp;apos; to object: &amp;apos;Object Repository/End To End Senario/Page_Demo Web Shop. Register/input_Last name_LastName&amp;apos;</message>
  <nestedLevel>1</nestedLevel>
</record>
<record>
  <date>2018-11-20T11:02:16</date>
  <millis>1542691936103</millis>
  <sequence>74</sequence>
  <level>INFO</level>
  <class>com.kms.katalon.core.logging.KeywordLogger</class>
  <method>logMessage</method>
  <thread>1</thread>
  <message>Checking timeout</message>
  <nestedLevel>1</nestedLevel>
</record>
<record>
  <date>2018-11-20T11:02:16</date>
  <millis>1542691936103</millis>
  <sequence>75</sequence>
  <level>INFO</level>
  <class>com.kms.katalon.core.logging.KeywordLogger</class>
  <method>logMessage</method>
  <thread>1</thread>
  <message>Finding web element with id: &amp;apos;Object Repository/End To End Senario/Page_Demo Web Shop. Register/input_Last name_LastName&amp;apos; located by &amp;apos;By.xpath: id(\&amp;quot;LastName\&amp;quot;)[count(. | //input[@class = &amp;apos;text-box single-line&amp;apos; and @data-val = &amp;apos;true&amp;apos; and @data-val-required = &amp;apos;Last name is required.&amp;apos; and @id = &amp;apos;LastName&amp;apos; and @name = &amp;apos;LastName&amp;apos; and @type = &amp;apos;text&amp;apos;]) = count(//input[@class = &amp;apos;text-box single-line&amp;apos; and @data-val = &amp;apos;true&amp;apos; and @data-val-required = &amp;apos;Last name is required.&amp;apos; and @id = &amp;apos;LastName&amp;apos; and @name = &amp;apos;LastName&amp;apos; and @type = &amp;apos;text&amp;apos;])]&amp;apos; in &amp;apos;30&amp;apos; second(s)</message>
  <nestedLevel>1</nestedLevel>
</record>
<record>
  <date>2018-11-20T11:02:16</date>
  <millis>1542691936124</millis>
  <sequence>76</sequence>
  <level>INFO</level>
  <class>com.kms.katalon.core.logging.KeywordLogger</class>
  <method>logMessage</method>
  <thread>1</thread>
  <message>Found 1 web elements with id: &amp;apos;Object Repository/End To End Senario/Page_Demo Web Shop. Register/input_Last name_LastName&amp;apos; located by &amp;apos;By.xpath: id(\&amp;quot;LastName\&amp;quot;)[count(. | //input[@class = &amp;apos;text-box single-line&amp;apos; and @data-val = &amp;apos;true&amp;apos; and @data-val-required = &amp;apos;Last name is required.&amp;apos; and @id = &amp;apos;LastName&amp;apos; and @name = &amp;apos;LastName&amp;apos; and @type = &amp;apos;text&amp;apos;]) = count(//input[@class = &amp;apos;text-box single-line&amp;apos; and @data-val = &amp;apos;true&amp;apos; and @data-val-required = &amp;apos;Last name is required.&amp;apos; and @id = &amp;apos;LastName&amp;apos; and @name = &amp;apos;LastName&amp;apos; and @type = &amp;apos;text&amp;apos;])]&amp;apos; in &amp;apos;30&amp;apos; second(s)</message>
  <nestedLevel>1</nestedLevel>
</record>
<record>
  <date>2018-11-20T11:02:16</date>
  <millis>1542691936265</millis>
  <sequence>77</sequence>
  <level>PASSED</level>
  <class>com.kms.katalon.core.logging.KeywordLogger</class>
  <method>logMessage</method>
  <thread>1</thread>
  <message>Keys &amp;apos;katalon&amp;apos; sent to object: &amp;apos;Object Repository/End To End Senario/Page_Demo Web Shop. Register/input_Last name_LastName&amp;apos;</message>
  <nestedLevel>1</nestedLevel>
</record>
<record>
  <date>2018-11-20T11:02:16</date>
  <millis>1542691936265</millis>
  <sequence>78</sequence>
  <level>END</level>
  <class>com.kms.katalon.core.logging.KeywordLogger</class>
  <method>endKeyword</method>
  <thread>1</thread>
  <message>End action : sendKeys</message>
  <nestedLevel>1</nestedLevel>
</record>
<record>
  <date>2018-11-20T11:02:16</date>
  <millis>1542691936266</millis>
  <sequence>79</sequence>
  <level>START</level>
  <class>com.kms.katalon.core.logging.KeywordLogger</class>
  <method>startKeyword</method>
  <thread>1</thread>
  <message>Start action : sendKeys</message>
  <nestedLevel>1</nestedLevel>
  <property name="startLine">39</property>
  <property name="stepIndex">9</property>
</record>
<record>
  <date>2018-11-20T11:02:16</date>
  <millis>1542691936266</millis>
  <sequence>80</sequence>
  <level>INFO</level>
  <class>com.kms.katalon.core.logging.KeywordLogger</class>
  <method>logMessage</method>
  <thread>1</thread>
  <message>Finding Test Object with id &amp;apos;Object Repository/End To End Senario/Page_Demo Web Shop. Register/input_Email_Email&amp;apos;</message>
  <nestedLevel>1</nestedLevel>
</record>
<record>
  <date>2018-11-20T11:02:16</date>
  <millis>1542691936279</millis>
  <sequence>81</sequence>
  <level>INFO</level>
  <class>com.kms.katalon.core.logging.KeywordLogger</class>
  <method>logMessage</method>
  <thread>1</thread>
  <message>Sending keys &amp;apos;kataloon47411@yopmail.com&amp;apos; to object: &amp;apos;Object Repository/End To End Senario/Page_Demo Web Shop. Register/input_Email_Email&amp;apos;</message>
  <nestedLevel>1</nestedLevel>
</record>
<record>
  <date>2018-11-20T11:02:16</date>
  <millis>1542691936279</millis>
  <sequence>82</sequence>
  <level>INFO</level>
  <class>com.kms.katalon.core.logging.KeywordLogger</class>
  <method>logMessage</method>
  <thread>1</thread>
  <message>Checking timeout</message>
  <nestedLevel>1</nestedLevel>
</record>
<record>
  <date>2018-11-20T11:02:16</date>
  <millis>1542691936280</millis>
  <sequence>83</sequence>
  <level>INFO</level>
  <class>com.kms.katalon.core.logging.KeywordLogger</class>
  <method>logMessage</method>
  <thread>1</thread>
  <message>Finding web element with id: &amp;apos;Object Repository/End To End Senario/Page_Demo Web Shop. Register/input_Email_Email&amp;apos; located by &amp;apos;By.xpath: id(\&amp;quot;Email\&amp;quot;)[count(. | //input[@class = &amp;apos;text-box single-line&amp;apos; and @data-val = &amp;apos;true&amp;apos; and @data-val-email = &amp;apos;Wrong email&amp;apos; and @data-val-required = &amp;apos;Email is required.&amp;apos; and @id = &amp;apos;Email&amp;apos; and @name = &amp;apos;Email&amp;apos; and @type = &amp;apos;text&amp;apos;]) = count(//input[@class = &amp;apos;text-box single-line&amp;apos; and @data-val = &amp;apos;true&amp;apos; and @data-val-email = &amp;apos;Wrong email&amp;apos; and @data-val-required = &amp;apos;Email is required.&amp;apos; and @id = &amp;apos;Email&amp;apos; and @name = &amp;apos;Email&amp;apos; and @type = &amp;apos;text&amp;apos;])]&amp;apos; in &amp;apos;30&amp;apos; second(s)</message>
  <nestedLevel>1</nestedLevel>
</record>
<record>
  <date>2018-11-20T11:02:16</date>
  <millis>1542691936301</millis>
  <sequence>84</sequence>
  <level>INFO</level>
  <class>com.kms.katalon.core.logging.KeywordLogger</class>
  <method>logMessage</method>
  <thread>1</thread>
  <message>Found 1 web elements with id: &amp;apos;Object Repository/End To End Senario/Page_Demo Web Shop. Register/input_Email_Email&amp;apos; located by &amp;apos;By.xpath: id(\&amp;quot;Email\&amp;quot;)[count(. | //input[@class = &amp;apos;text-box single-line&amp;apos; and @data-val = &amp;apos;true&amp;apos; and @data-val-email = &amp;apos;Wrong email&amp;apos; and @data-val-required = &amp;apos;Email is required.&amp;apos; and @id = &amp;apos;Email&amp;apos; and @name = &amp;apos;Email&amp;apos; and @type = &amp;apos;text&amp;apos;]) = count(//input[@class = &amp;apos;text-box single-line&amp;apos; and @data-val = &amp;apos;true&amp;apos; and @data-val-email = &amp;apos;Wrong email&amp;apos; and @data-val-required = &amp;apos;Email is required.&amp;apos; and @id = &amp;apos;Email&amp;apos; and @name = &amp;apos;Email&amp;apos; and @type = &amp;apos;text&amp;apos;])]&amp;apos; in &amp;apos;30&amp;apos; second(s)</message>
  <nestedLevel>1</nestedLevel>
</record>
<record>
  <date>2018-11-20T11:02:16</date>
  <millis>1542691936452</millis>
  <sequence>85</sequence>
  <level>PASSED</level>
  <class>com.kms.katalon.core.logging.KeywordLogger</class>
  <method>logMessage</method>
  <thread>1</thread>
  <message>Keys &amp;apos;kataloon47411@yopmail.com&amp;apos; sent to object: &amp;apos;Object Repository/End To End Senario/Page_Demo Web Shop. Register/input_Email_Email&amp;apos;</message>
  <nestedLevel>1</nestedLevel>
</record>
<record>
  <date>2018-11-20T11:02:16</date>
  <millis>1542691936453</millis>
  <sequence>86</sequence>
  <level>END</level>
  <class>com.kms.katalon.core.logging.KeywordLogger</class>
  <method>endKeyword</method>
  <thread>1</thread>
  <message>End action : sendKeys</message>
  <nestedLevel>1</nestedLevel>
</record>
<record>
  <date>2018-11-20T11:02:16</date>
  <millis>1542691936453</millis>
  <sequence>87</sequence>
  <level>START</level>
  <class>com.kms.katalon.core.logging.KeywordLogger</class>
  <method>startKeyword</method>
  <thread>1</thread>
  <message>Start action : sendKeys</message>
  <nestedLevel>1</nestedLevel>
  <property name="startLine">41</property>
  <property name="stepIndex">10</property>
</record>
<record>
  <date>2018-11-20T11:02:16</date>
  <millis>1542691936454</millis>
  <sequence>88</sequence>
  <level>INFO</level>
  <class>com.kms.katalon.core.logging.KeywordLogger</class>
  <method>logMessage</method>
  <thread>1</thread>
  <message>Finding Test Object with id &amp;apos;Object Repository/End To End Senario/Page_Demo Web Shop. Register/input_Password_Password&amp;apos;</message>
  <nestedLevel>1</nestedLevel>
</record>
<record>
  <date>2018-11-20T11:02:16</date>
  <millis>1542691936458</millis>
  <sequence>89</sequence>
  <level>INFO</level>
  <class>com.kms.katalon.core.logging.KeywordLogger</class>
  <method>logMessage</method>
  <thread>1</thread>
  <message>Sending keys &amp;apos;password@123&amp;apos; to object: &amp;apos;Object Repository/End To End Senario/Page_Demo Web Shop. Register/input_Password_Password&amp;apos;</message>
  <nestedLevel>1</nestedLevel>
</record>
<record>
  <date>2018-11-20T11:02:16</date>
  <millis>1542691936459</millis>
  <sequence>90</sequence>
  <level>INFO</level>
  <class>com.kms.katalon.core.logging.KeywordLogger</class>
  <method>logMessage</method>
  <thread>1</thread>
  <message>Checking timeout</message>
  <nestedLevel>1</nestedLevel>
</record>
<record>
  <date>2018-11-20T11:02:16</date>
  <millis>1542691936459</millis>
  <sequence>91</sequence>
  <level>INFO</level>
  <class>com.kms.katalon.core.logging.KeywordLogger</class>
  <method>logMessage</method>
  <thread>1</thread>
  <message>Finding web element with id: &amp;apos;Object Repository/End To End Senario/Page_Demo Web Shop. Register/input_Password_Password&amp;apos; located by &amp;apos;By.xpath: id(\&amp;quot;Password\&amp;quot;)[count(. | //input[@class = &amp;apos;text-box single-line password&amp;apos; and @data-val = &amp;apos;true&amp;apos; and @data-val-length = &amp;apos;The password should have at least 6 characters.&amp;apos; and @data-val-length-max = &amp;apos;999&amp;apos; and @data-val-length-min = &amp;apos;6&amp;apos; and @data-val-required = &amp;apos;Password is required.&amp;apos; and @id = &amp;apos;Password&amp;apos; and @name = &amp;apos;Password&amp;apos; and @type = &amp;apos;password&amp;apos;]) = count(//input[@class = &amp;apos;text-box single-line password&amp;apos; and @data-val = &amp;apos;true&amp;apos; and @data-val-length = &amp;apos;The password should have at least 6 characters.&amp;apos; and @data-val-length-max = &amp;apos;999&amp;apos; and @data-val-length-min = &amp;apos;6&amp;apos; and @data-val-required = &amp;apos;Password is required.&amp;apos; and @id = &amp;apos;Password&amp;apos; and @name = &amp;apos;Password&amp;apos; and @type = &amp;apos;password&amp;apos;])]&amp;apos; in &amp;apos;30&amp;apos; second(s)</message>
  <nestedLevel>1</nestedLevel>
</record>
<record>
  <date>2018-11-20T11:02:16</date>
  <millis>1542691936491</millis>
  <sequence>92</sequence>
  <level>INFO</level>
  <class>com.kms.katalon.core.logging.KeywordLogger</class>
  <method>logMessage</method>
  <thread>1</thread>
  <message>Found 1 web elements with id: &amp;apos;Object Repository/End To End Senario/Page_Demo Web Shop. Register/input_Password_Password&amp;apos; located by &amp;apos;By.xpath: id(\&amp;quot;Password\&amp;quot;)[count(. | //input[@class = &amp;apos;text-box single-line password&amp;apos; and @data-val = &amp;apos;true&amp;apos; and @data-val-length = &amp;apos;The password should have at least 6 characters.&amp;apos; and @data-val-length-max = &amp;apos;999&amp;apos; and @data-val-length-min = &amp;apos;6&amp;apos; and @data-val-required = &amp;apos;Password is required.&amp;apos; and @id = &amp;apos;Password&amp;apos; and @name = &amp;apos;Password&amp;apos; and @type = &amp;apos;password&amp;apos;]) = count(//input[@class = &amp;apos;text-box single-line password&amp;apos; and @data-val = &amp;apos;true&amp;apos; and @data-val-length = &amp;apos;The password should have at least 6 characters.&amp;apos; and @data-val-length-max = &amp;apos;999&amp;apos; and @data-val-length-min = &amp;apos;6&amp;apos; and @data-val-required = &amp;apos;Password is required.&amp;apos; and @id = &amp;apos;Password&amp;apos; and @name = &amp;apos;Password&amp;apos; and @type = &amp;apos;password&amp;apos;])]&amp;apos; in &amp;apos;30&amp;apos; second(s)</message>
  <nestedLevel>1</nestedLevel>
</record>
<record>
  <date>2018-11-20T11:02:16</date>
  <millis>1542691936601</millis>
  <sequence>93</sequence>
  <level>PASSED</level>
  <class>com.kms.katalon.core.logging.KeywordLogger</class>
  <method>logMessage</method>
  <thread>1</thread>
  <message>Keys &amp;apos;password@123&amp;apos; sent to object: &amp;apos;Object Repository/End To End Senario/Page_Demo Web Shop. Register/input_Password_Password&amp;apos;</message>
  <nestedLevel>1</nestedLevel>
</record>
<record>
  <date>2018-11-20T11:02:16</date>
  <millis>1542691936601</millis>
  <sequence>94</sequence>
  <level>END</level>
  <class>com.kms.katalon.core.logging.KeywordLogger</class>
  <method>endKeyword</method>
  <thread>1</thread>
  <message>End action : sendKeys</message>
  <nestedLevel>1</nestedLevel>
</record>
<record>
  <date>2018-11-20T11:02:16</date>
  <millis>1542691936602</millis>
  <sequence>95</sequence>
  <level>START</level>
  <class>com.kms.katalon.core.logging.KeywordLogger</class>
  <method>startKeyword</method>
  <thread>1</thread>
  <message>Start action : sendKeys</message>
  <nestedLevel>1</nestedLevel>
  <property name="startLine">43</property>
  <property name="stepIndex">11</property>
</record>
<record>
  <date>2018-11-20T11:02:16</date>
  <millis>1542691936602</millis>
  <sequence>96</sequence>
  <level>INFO</level>
  <class>com.kms.katalon.core.logging.KeywordLogger</class>
  <method>logMessage</method>
  <thread>1</thread>
  <message>Finding Test Object with id &amp;apos;Object Repository/End To End Senario/Page_Demo Web Shop. Register/input_Confirm password_Confirm&amp;apos;</message>
  <nestedLevel>1</nestedLevel>
</record>
<record>
  <date>2018-11-20T11:02:16</date>
  <millis>1542691936605</millis>
  <sequence>97</sequence>
  <level>INFO</level>
  <class>com.kms.katalon.core.logging.KeywordLogger</class>
  <method>logMessage</method>
  <thread>1</thread>
  <message>Sending keys &amp;apos;password@123&amp;apos; to object: &amp;apos;Object Repository/End To End Senario/Page_Demo Web Shop. Register/input_Confirm password_Confirm&amp;apos;</message>
  <nestedLevel>1</nestedLevel>
</record>
<record>
  <date>2018-11-20T11:02:16</date>
  <millis>1542691936606</millis>
  <sequence>98</sequence>
  <level>INFO</level>
  <class>com.kms.katalon.core.logging.KeywordLogger</class>
  <method>logMessage</method>
  <thread>1</thread>
  <message>Checking timeout</message>
  <nestedLevel>1</nestedLevel>
</record>
<record>
  <date>2018-11-20T11:02:16</date>
  <millis>1542691936606</millis>
  <sequence>99</sequence>
  <level>INFO</level>
  <class>com.kms.katalon.core.logging.KeywordLogger</class>
  <method>logMessage</method>
  <thread>1</thread>
  <message>Finding web element with id: &amp;apos;Object Repository/End To End Senario/Page_Demo Web Shop. Register/input_Confirm password_Confirm&amp;apos; located by &amp;apos;By.xpath: id(\&amp;quot;ConfirmPassword\&amp;quot;)[count(. | //input[@class = &amp;apos;text-box single-line password&amp;apos; and @data-val = &amp;apos;true&amp;apos; and @data-val-equalto = &amp;apos;The password and confirmation password do not match.&amp;apos; and @data-val-equalto-other = &amp;apos;*.Password&amp;apos; and @data-val-required = &amp;apos;Password is required.&amp;apos; and @id = &amp;apos;ConfirmPassword&amp;apos; and @name = &amp;apos;ConfirmPassword&amp;apos; and @type = &amp;apos;password&amp;apos;]) = count(//input[@class = &amp;apos;text-box single-line password&amp;apos; and @data-val = &amp;apos;true&amp;apos; and @data-val-equalto = &amp;apos;The password and confirmation password do not match.&amp;apos; and @data-val-equalto-other = &amp;apos;*.Password&amp;apos; and @data-val-required = &amp;apos;Password is required.&amp;apos; and @id = &amp;apos;ConfirmPassword&amp;apos; and @name = &amp;apos;ConfirmPassword&amp;apos; and @type = &amp;apos;password&amp;apos;])]&amp;apos; in &amp;apos;30&amp;apos; second(s)</message>
  <nestedLevel>1</nestedLevel>
</record>
<record>
  <date>2018-11-20T11:02:16</date>
  <millis>1542691936623</millis>
  <sequence>100</sequence>
  <level>INFO</level>
  <class>com.kms.katalon.core.logging.KeywordLogger</class>
  <method>logMessage</method>
  <thread>1</thread>
  <message>Found 1 web elements with id: &amp;apos;Object Repository/End To End Senario/Page_Demo Web Shop. Register/input_Confirm password_Confirm&amp;apos; located by &amp;apos;By.xpath: id(\&amp;quot;ConfirmPassword\&amp;quot;)[count(. | //input[@class = &amp;apos;text-box single-line password&amp;apos; and @data-val = &amp;apos;true&amp;apos; and @data-val-equalto = &amp;apos;The password and confirmation password do not match.&amp;apos; and @data-val-equalto-other = &amp;apos;*.Password&amp;apos; and @data-val-required = &amp;apos;Password is required.&amp;apos; and @id = &amp;apos;ConfirmPassword&amp;apos; and @name = &amp;apos;ConfirmPassword&amp;apos; and @type = &amp;apos;password&amp;apos;]) = count(//input[@class = &amp;apos;text-box single-line password&amp;apos; and @data-val = &amp;apos;true&amp;apos; and @data-val-equalto = &amp;apos;The password and confirmation password do not match.&amp;apos; and @data-val-equalto-other = &amp;apos;*.Password&amp;apos; and @data-val-required = &amp;apos;Password is required.&amp;apos; and @id = &amp;apos;ConfirmPassword&amp;apos; and @name = &amp;apos;ConfirmPassword&amp;apos; and @type = &amp;apos;password&amp;apos;])]&amp;apos; in &amp;apos;30&amp;apos; second(s)</message>
  <nestedLevel>1</nestedLevel>
</record>
<record>
  <date>2018-11-20T11:02:16</date>
  <millis>1542691936731</millis>
  <sequence>101</sequence>
  <level>PASSED</level>
  <class>com.kms.katalon.core.logging.KeywordLogger</class>
  <method>logMessage</method>
  <thread>1</thread>
  <message>Keys &amp;apos;password@123&amp;apos; sent to object: &amp;apos;Object Repository/End To End Senario/Page_Demo Web Shop. Register/input_Confirm password_Confirm&amp;apos;</message>
  <nestedLevel>1</nestedLevel>
</record>
<record>
  <date>2018-11-20T11:02:16</date>
  <millis>1542691936732</millis>
  <sequence>102</sequence>
  <level>END</level>
  <class>com.kms.katalon.core.logging.KeywordLogger</class>
  <method>endKeyword</method>
  <thread>1</thread>
  <message>End action : sendKeys</message>
  <nestedLevel>1</nestedLevel>
</record>
<record>
  <date>2018-11-20T11:02:16</date>
  <millis>1542691936732</millis>
  <sequence>103</sequence>
  <level>START</level>
  <class>com.kms.katalon.core.logging.KeywordLogger</class>
  <method>startKeyword</method>
  <thread>1</thread>
  <message>Start action : click</message>
  <nestedLevel>1</nestedLevel>
  <property name="startLine">45</property>
  <property name="stepIndex">12</property>
</record>
<record>
  <date>2018-11-20T11:02:16</date>
  <millis>1542691936733</millis>
  <sequence>104</sequence>
  <level>INFO</level>
  <class>com.kms.katalon.core.logging.KeywordLogger</class>
  <method>logMessage</method>
  <thread>1</thread>
  <message>Finding Test Object with id &amp;apos;Object Repository/End To End Senario/Page_Demo Web Shop. Register/input__register-button&amp;apos;</message>
  <nestedLevel>1</nestedLevel>
</record>
<record>
  <date>2018-11-20T11:02:16</date>
  <millis>1542691936738</millis>
  <sequence>105</sequence>
  <level>INFO</level>
  <class>com.kms.katalon.core.logging.KeywordLogger</class>
  <method>logMessage</method>
  <thread>1</thread>
  <message>Checking object</message>
  <nestedLevel>1</nestedLevel>
</record>
<record>
  <date>2018-11-20T11:02:16</date>
  <millis>1542691936738</millis>
  <sequence>106</sequence>
  <level>INFO</level>
  <class>com.kms.katalon.core.logging.KeywordLogger</class>
  <method>logMessage</method>
  <thread>1</thread>
  <message>Checking timeout</message>
  <nestedLevel>1</nestedLevel>
</record>
<record>
  <date>2018-11-20T11:02:16</date>
  <millis>1542691936739</millis>
  <sequence>107</sequence>
  <level>INFO</level>
  <class>com.kms.katalon.core.logging.KeywordLogger</class>
  <method>logMessage</method>
  <thread>1</thread>
  <message>Finding web element with id: &amp;apos;Object Repository/End To End Senario/Page_Demo Web Shop. Register/input__register-button&amp;apos; located by &amp;apos;By.xpath: id(\&amp;quot;register-button\&amp;quot;)[count(. | //input[@type = &amp;apos;submit&amp;apos; and @id = &amp;apos;register-button&amp;apos; and @class = &amp;apos;button-1 register-next-step-button&amp;apos; and @value = &amp;apos;Register&amp;apos; and @name = &amp;apos;register-button&amp;apos;]) = count(//input[@type = &amp;apos;submit&amp;apos; and @id = &amp;apos;register-button&amp;apos; and @class = &amp;apos;button-1 register-next-step-button&amp;apos; and @value = &amp;apos;Register&amp;apos; and @name = &amp;apos;register-button&amp;apos;])]&amp;apos; in &amp;apos;30&amp;apos; second(s)</message>
  <nestedLevel>1</nestedLevel>
</record>
<record>
  <date>2018-11-20T11:02:16</date>
  <millis>1542691936762</millis>
  <sequence>108</sequence>
  <level>INFO</level>
  <class>com.kms.katalon.core.logging.KeywordLogger</class>
  <method>logMessage</method>
  <thread>1</thread>
  <message>Found 1 web elements with id: &amp;apos;Object Repository/End To End Senario/Page_Demo Web Shop. Register/input__register-button&amp;apos; located by &amp;apos;By.xpath: id(\&amp;quot;register-button\&amp;quot;)[count(. | //input[@type = &amp;apos;submit&amp;apos; and @id = &amp;apos;register-button&amp;apos; and @class = &amp;apos;button-1 register-next-step-button&amp;apos; and @value = &amp;apos;Register&amp;apos; and @name = &amp;apos;register-button&amp;apos;]) = count(//input[@type = &amp;apos;submit&amp;apos; and @id = &amp;apos;register-button&amp;apos; and @class = &amp;apos;button-1 register-next-step-button&amp;apos; and @value = &amp;apos;Register&amp;apos; and @name = &amp;apos;register-button&amp;apos;])]&amp;apos; in &amp;apos;30&amp;apos; second(s)</message>
  <nestedLevel>1</nestedLevel>
</record>
<record>
  <date>2018-11-20T11:02:16</date>
  <millis>1542691936763</millis>
  <sequence>109</sequence>
  <level>INFO</level>
  <class>com.kms.katalon.core.logging.KeywordLogger</class>
  <method>logMessage</method>
  <thread>1</thread>
  <message>Clicking on object: &amp;apos;Object Repository/End To End Senario/Page_Demo Web Shop. Register/input__register-button&amp;apos;</message>
  <nestedLevel>1</nestedLevel>
</record>
<record>
  <date>2018-11-20T11:02:17</date>
  <millis>1542691937434</millis>
  <sequence>110</sequence>
  <level>PASSED</level>
  <class>com.kms.katalon.core.logging.KeywordLogger</class>
  <method>logMessage</method>
  <thread>1</thread>
  <message>Object: &amp;apos;Object Repository/End To End Senario/Page_Demo Web Shop. Register/input__register-button&amp;apos; is clicked on</message>
  <nestedLevel>1</nestedLevel>
</record>
<record>
  <date>2018-11-20T11:02:17</date>
  <millis>1542691937435</millis>
  <sequence>111</sequence>
  <level>END</level>
  <class>com.kms.katalon.core.logging.KeywordLogger</class>
  <method>endKeyword</method>
  <thread>1</thread>
  <message>End action : click</message>
  <nestedLevel>1</nestedLevel>
</record>
<record>
  <date>2018-11-20T11:02:17</date>
  <millis>1542691937436</millis>
  <sequence>112</sequence>
  <level>START</level>
  <class>com.kms.katalon.core.logging.KeywordLogger</class>
  <method>startKeyword</method>
  <thread>1</thread>
  <message>Start action : click</message>
  <nestedLevel>1</nestedLevel>
  <property name="startLine">47</property>
  <property name="stepIndex">13</property>
</record>
<record>
  <date>2018-11-20T11:02:17</date>
  <millis>1542691937437</millis>
  <sequence>113</sequence>
  <level>INFO</level>
  <class>com.kms.katalon.core.logging.KeywordLogger</class>
  <method>logMessage</method>
  <thread>1</thread>
  <message>Finding Test Object with id &amp;apos;Object Repository/End To End Senario/Page_Demo Web Shop. Register/input_Your registration comple&amp;apos;</message>
  <nestedLevel>1</nestedLevel>
</record>
<record>
  <date>2018-11-20T11:02:17</date>
  <millis>1542691937440</millis>
  <sequence>114</sequence>
  <level>INFO</level>
  <class>com.kms.katalon.core.logging.KeywordLogger</class>
  <method>logMessage</method>
  <thread>1</thread>
  <message>Checking object</message>
  <nestedLevel>1</nestedLevel>
</record>
<record>
  <date>2018-11-20T11:02:17</date>
  <millis>1542691937440</millis>
  <sequence>115</sequence>
  <level>INFO</level>
  <class>com.kms.katalon.core.logging.KeywordLogger</class>
  <method>logMessage</method>
  <thread>1</thread>
  <message>Checking timeout</message>
  <nestedLevel>1</nestedLevel>
</record>
<record>
  <date>2018-11-20T11:02:17</date>
  <millis>1542691937441</millis>
  <sequence>116</sequence>
  <level>INFO</level>
  <class>com.kms.katalon.core.logging.KeywordLogger</class>
  <method>logMessage</method>
  <thread>1</thread>
  <message>Finding web element with id: &amp;apos;Object Repository/End To End Senario/Page_Demo Web Shop. Register/input_Your registration comple&amp;apos; located by &amp;apos;By.xpath: //input[@type = &amp;apos;button&amp;apos; and @class = &amp;apos;button-1 register-continue-button&amp;apos; and @value = &amp;apos;Continue&amp;apos;]&amp;apos; in &amp;apos;30&amp;apos; second(s)</message>
  <nestedLevel>1</nestedLevel>
</record>
<record>
  <date>2018-11-20T11:02:36</date>
  <millis>1542691956646</millis>
  <sequence>117</sequence>
  <level>WARNING</level>
  <class>com.kms.katalon.core.logging.KeywordLogger</class>
  <method>logMessage</method>
  <thread>1</thread>
  <message>Cannot take screenshot</message>
  <nestedLevel>1</nestedLevel>
</record>
<record>
  <date>2018-11-20T11:02:36</date>
  <millis>1542691956651</millis>
  <sequence>118</sequence>
  <level>FAILED</level>
  <class>com.kms.katalon.core.logging.KeywordLogger</class>
  <method>logMessage</method>
  <thread>1</thread>
  <message>Unable to click on object &amp;apos;Object Repository/End To End Senario/Page_Demo Web Shop. Register/input_Your registration comple&amp;apos; (Root cause: org.openqa.selenium.WebDriverException: chrome not reachable\n  (Session info: chrome=70.0.3538.102)\n  (Driver info: chromedriver=2.43.600210 (68dcf5eebde37173d4027fa8635e332711d2874a),platform=Windows NT 10.0.16299 x86_64) (WARNING: The server did not provide any stacktrace information)\nCommand duration or timeout: 0 milliseconds\nBuild info: version: &amp;apos;3.7.1&amp;apos;, revision: &amp;apos;8a0099a&amp;apos;, time: &amp;apos;2017-11-06T21:07:36.161Z&amp;apos;\nSystem info: host: &amp;apos;NIRMAL-M&amp;apos;, ip: &amp;apos;10.20.4.197&amp;apos;, os.name: &amp;apos;Windows 10&amp;apos;, os.arch: &amp;apos;amd64&amp;apos;, os.version: &amp;apos;10.0&amp;apos;, java.version: &amp;apos;1.8.0_181&amp;apos;\nDriver info: com.kms.katalon.selenium.driver.CChromeDriver\nCapabilities {acceptInsecureCerts: false, acceptSslCerts: false, applicationCacheEnabled: false, browserConnectionEnabled: false, browserName: chrome, chrome: {chromedriverVersion: 2.43.600210 (68dcf5eebde371..., userDataDir: C:\\Users\\MOJIDR~1\\AppData\\L...}, cssSelectorsEnabled: true, databaseEnabled: false, goog:chromeOptions: {debuggerAddress: localhost:51489}, handlesAlerts: true, hasTouchScreen: false, javascriptEnabled: true, locationContextEnabled: true, mobileEmulationEnabled: false, nativeEvents: true, networkConnectionEnabled: false, pageLoadStrategy: normal, platform: XP, platformName: XP, rotatable: false, setWindowRect: true, takesHeapSnapshot: true, takesScreenshot: true, unexpectedAlertBehaviour: , unhandledPromptBehavior: , version: 70.0.3538.102, webStorageEnabled: true}\nSession ID: b8d2d54f72883122804827b44ba8f3fb\n*** Element info: {Using=xpath, value=//input[@type = &amp;apos;button&amp;apos; and @class = &amp;apos;button-1 register-continue-button&amp;apos; and @value = &amp;apos;Continue&amp;apos;]})</message>
  <nestedLevel>1</nestedLevel>
</record>
<record>
  <date>2018-11-20T11:02:36</date>
  <millis>1542691956652</millis>
  <sequence>119</sequence>
  <level>END</level>
  <class>com.kms.katalon.core.logging.KeywordLogger</class>
  <method>endKeyword</method>
  <thread>1</thread>
  <message>End action : click</message>
  <nestedLevel>1</nestedLevel>
</record>
<record>
  <date>2018-11-20T11:02:36</date>
  <millis>1542691956652</millis>
  <sequence>120</sequence>
  <logger>com.kms.katalon.core.logging.KeywordLogger</logger>
  <level>FAILED</level>
  <class>com.kms.katalon.core.logging.KeywordLogger</class>
  <method>logMessage</method>
  <thread>1</thread>
  <message>Test Cases/Nirmal/TC5 - End To End Scenario FAILED because (of) (Stack trace: com.kms.katalon.core.exception.StepFailedException: Unable to click on object &amp;apos;Object Repository/End To End Senario/Page_Demo Web Shop. Register/input_Your registration comple&amp;apos; (Root cause: org.openqa.selenium.WebDriverException: chrome not reachable\n  (Session info: chrome=70.0.3538.102)\n  (Driver info: chromedriver=2.43.600210 (68dcf5eebde37173d4027fa8635e332711d2874a),platform=Windows NT 10.0.16299 x86_64) (WARNING: The server did not provide any stacktrace information)\nCommand duration or timeout: 0 milliseconds\nBuild info: version: &amp;apos;3.7.1&amp;apos;, revision: &amp;apos;8a0099a&amp;apos;, time: &amp;apos;2017-11-06T21:07:36.161Z&amp;apos;\nSystem info: host: &amp;apos;NIRMAL-M&amp;apos;, ip: &amp;apos;10.20.4.197&amp;apos;, os.name: &amp;apos;Windows 10&amp;apos;, os.arch: &amp;apos;amd64&amp;apos;, os.version: &amp;apos;10.0&amp;apos;, java.version: &amp;apos;1.8.0_181&amp;apos;\nDriver info: com.kms.katalon.selenium.driver.CChromeDriver\nCapabilities {acceptInsecureCerts: false, acceptSslCerts: false, applicationCacheEnabled: false, browserConnectionEnabled: false, browserName: chrome, chrome: {chromedriverVersion: 2.43.600210 (68dcf5eebde371..., userDataDir: C:\\Users\\MOJIDR~1\\AppData\\L...}, cssSelectorsEnabled: true, databaseEnabled: false, goog:chromeOptions: {debuggerAddress: localhost:51489}, handlesAlerts: true, hasTouchScreen: false, javascriptEnabled: true, locationContextEnabled: true, mobileEmulationEnabled: false, nativeEvents: true, networkConnectionEnabled: false, pageLoadStrategy: normal, platform: XP, platformName: XP, rotatable: false, setWindowRect: true, takesHeapSnapshot: true, takesScreenshot: true, unexpectedAlertBehaviour: , unhandledPromptBehavior: , version: 70.0.3538.102, webStorageEnabled: true}\nSession ID: b8d2d54f72883122804827b44ba8f3fb\n*** Element info: {Using=xpath, value=//input[@type = &amp;apos;button&amp;apos; and @class = &amp;apos;button-1 register-continue-button&amp;apos; and @value = &amp;apos;Continue&amp;apos;]})\r\n\tat com.kms.katalon.core.keyword.internal.KeywordMain.stepFailed(KeywordMain.groovy:36)\r\n\tat com.kms.katalon.core.webui.keyword.internal.WebUIKeywordMain.stepFailed(WebUIKeywordMain.groovy:65)\r\n\tat com.kms.katalon.core.webui.keyword.internal.WebUIKeywordMain.runKeyword(WebUIKeywordMain.groovy:27)\r\n\tat com.kms.katalon.core.webui.keyword.builtin.ClickKeyword.click(ClickKeyword.groovy:86)\r\n\tat com.kms.katalon.core.webui.keyword.builtin.ClickKeyword.execute(ClickKeyword.groovy:67)\r\n\tat com.kms.katalon.core.keyword.internal.KeywordExecutor.executeKeywordForPlatform(KeywordExecutor.groovy:53)\r\n\tat com.kms.katalon.core.webui.keyword.WebUiBuiltInKeywords.click(WebUiBuiltInKeywords.groovy:616)\r\n\tat com.kms.katalon.core.webui.keyword.WebUiBuiltInKeywords$click$2.call(Unknown Source)\r\n\tat org.codehaus.groovy.runtime.callsite.CallSiteArray.defaultCall(CallSiteArray.java:48)\r\n\tat org.codehaus.groovy.runtime.callsite.AbstractCallSite.call(AbstractCallSite.java:113)\r\n\tat org.codehaus.groovy.runtime.callsite.AbstractCallSite.call(AbstractCallSite.java:125)\r\n\tat Script1542691386952.run(Script1542691386952.groovy:47)\r\n\tat com.kms.katalon.core.main.ScriptEngine.run(ScriptEngine.java:183)\r\n\tat com.kms.katalon.core.main.ScriptEngine.runScriptAsRawText(ScriptEngine.java:108)\r\n\tat com.kms.katalon.core.main.TestCaseExecutor.runScript(TestCaseExecutor.java:294)\r\n\tat com.kms.katalon.core.main.TestCaseExecutor.doExecute(TestCaseExecutor.java:285)\r\n\tat com.kms.katalon.core.main.TestCaseExecutor.processExecutionPhase(TestCaseExecutor.java:264)\r\n\tat com.kms.katalon.core.main.TestCaseExecutor.accessMainPhase(TestCaseExecutor.java:256)\r\n\tat com.kms.katalon.core.main.TestCaseExecutor.execute(TestCaseExecutor.java:200)\r\n\tat com.kms.katalon.core.main.TestSuiteExecutor.accessTestCaseMainPhase(TestSuiteExecutor.java:129)\r\n\tat com.kms.katalon.core.main.TestSuiteExecutor.accessTestSuiteMainPhase(TestSuiteExecutor.java:112)\r\n\tat com.kms.katalon.core.main.TestSuiteExecutor.execute(TestSuiteExecutor.java:81)\r\n\tat com.kms.katalon.core.main.TestCaseMain.startTestSuite(TestCaseMain.java:142)\r\n\tat com.kms.katalon.core.main.TestCaseMain$startTestSuite$0.call(Unknown Source)\r\n\tat org.codehaus.groovy.runtime.callsite.CallSiteArray.defaultCall(CallSiteArray.java:48)\r\n\tat org.codehaus.groovy.runtime.callsite.AbstractCallSite.call(AbstractCallSite.java:113)\r\n\tat org.codehaus.groovy.runtime.callsite.AbstractCallSite.call(AbstractCallSite.java:141)\r\n\tat TempTestSuite1542691919772.run(TempTestSuite1542691919772.groovy:36)\r\n\tat groovy.lang.GroovyShell.runScriptOrMainOrTestOrRunnable(GroovyShell.java:263)\r\n\tat groovy.lang.GroovyShell.run(GroovyShell.java:518)\r\n\tat groovy.lang.GroovyShell.run(GroovyShell.java:507)\r\n\tat groovy.ui.GroovyMain.processOnce(GroovyMain.java:653)\r\n\tat groovy.ui.GroovyMain.run(GroovyMain.java:384)\r\n\tat groovy.ui.GroovyMain.process(GroovyMain.java:370)\r\n\tat groovy.ui.GroovyMain.processArgs(GroovyMain.java:129)\r\n\tat groovy.ui.GroovyMain.main(GroovyMain.java:109)\r\n\tat sun.reflect.NativeMethodAccessorImpl.invoke0(Native Method)\r\n\tat sun.reflect.NativeMethodAccessorImpl.invoke(NativeMethodAccessorImpl.java:62)\r\n\tat sun.reflect.DelegatingMethodAccessorImpl.invoke(DelegatingMethodAccessorImpl.java:43)\r\n\tat java.lang.reflect.Method.invoke(Method.java:498)\r\n\tat org.codehaus.groovy.tools.GroovyStarter.rootLoader(GroovyStarter.java:109)\r\n\tat org.codehaus.groovy.tools.GroovyStarter.main(GroovyStarter.java:131)\r\n)</message>
  <exception>
    <message>com.kms.katalon.core.exception.StepFailedException: Unable to click on object 'Object Repository/End To End Senario/Page_Demo Web Shop. Register/input_Your registration comple' (Root cause: org.openqa.selenium.WebDriverException: chrome not reachable
  (Session info: chrome=70.0.3538.102)
  (Driver info: chromedriver=2.43.600210 (68dcf5eebde37173d4027fa8635e332711d2874a),platform=Windows NT 10.0.16299 x86_64) (WARNING: The server did not provide any stacktrace information)
Command duration or timeout: 0 milliseconds
Build info: version: '3.7.1', revision: '8a0099a', time: '2017-11-06T21:07:36.161Z'
System info: host: 'NIRMAL-M', ip: '10.20.4.197', os.name: 'Windows 10', os.arch: 'amd64', os.version: '10.0', java.version: '1.8.0_181'
Driver info: com.kms.katalon.selenium.driver.CChromeDriver
Capabilities {acceptInsecureCerts: false, acceptSslCerts: false, applicationCacheEnabled: false, browserConnectionEnabled: false, browserName: chrome, chrome: {chromedriverVersion: 2.43.600210 (68dcf5eebde371..., userDataDir: C:\Users\MOJIDR~1\AppData\L...}, cssSelectorsEnabled: true, databaseEnabled: false, goog:chromeOptions: {debuggerAddress: localhost:51489}, handlesAlerts: true, hasTouchScreen: false, javascriptEnabled: true, locationContextEnabled: true, mobileEmulationEnabled: false, nativeEvents: true, networkConnectionEnabled: false, pageLoadStrategy: normal, platform: XP, platformName: XP, rotatable: false, setWindowRect: true, takesHeapSnapshot: true, takesScreenshot: true, unexpectedAlertBehaviour: , unhandledPromptBehavior: , version: 70.0.3538.102, webStorageEnabled: true}
Session ID: b8d2d54f72883122804827b44ba8f3fb
*** Element info: {Using=xpath, value=//input[@type = 'button' and @class = 'button-1 register-continue-button' and @value = 'Continue']})</message>
    <frame>
      <class>com.kms.katalon.core.keyword.internal.KeywordMain</class>
      <method>stepFailed</method>
      <line>36</line>
    </frame>
    <frame>
      <class>com.kms.katalon.core.webui.keyword.internal.WebUIKeywordMain</class>
      <method>stepFailed</method>
      <line>65</line>
    </frame>
    <frame>
      <class>com.kms.katalon.core.webui.keyword.internal.WebUIKeywordMain</class>
      <method>runKeyword</method>
      <line>27</line>
    </frame>
    <frame>
      <class>com.kms.katalon.core.webui.keyword.builtin.ClickKeyword</class>
      <method>click</method>
      <line>86</line>
    </frame>
    <frame>
      <class>com.kms.katalon.core.webui.keyword.builtin.ClickKeyword</class>
      <method>execute</method>
      <line>67</line>
    </frame>
    <frame>
      <class>com.kms.katalon.core.keyword.internal.KeywordExecutor</class>
      <method>executeKeywordForPlatform</method>
      <line>53</line>
    </frame>
    <frame>
      <class>com.kms.katalon.core.webui.keyword.WebUiBuiltInKeywords</class>
      <method>click</method>
      <line>616</line>
    </frame>
    <frame>
      <class>com.kms.katalon.core.webui.keyword.WebUiBuiltInKeywords$click$2</class>
      <method>call</method>
    </frame>
    <frame>
      <class>org.codehaus.groovy.runtime.callsite.CallSiteArray</class>
      <method>defaultCall</method>
      <line>48</line>
    </frame>
    <frame>
      <class>org.codehaus.groovy.runtime.callsite.AbstractCallSite</class>
      <method>call</method>
      <line>113</line>
    </frame>
    <frame>
      <class>org.codehaus.groovy.runtime.callsite.AbstractCallSite</class>
      <method>call</method>
      <line>125</line>
    </frame>
    <frame>
      <class>Script1542691386952</class>
      <method>run</method>
      <line>47</line>
    </frame>
    <frame>
      <class>com.kms.katalon.core.main.ScriptEngine</class>
      <method>run</method>
      <line>183</line>
    </frame>
    <frame>
      <class>com.kms.katalon.core.main.ScriptEngine</class>
      <method>runScriptAsRawText</method>
      <line>108</line>
    </frame>
    <frame>
      <class>com.kms.katalon.core.main.TestCaseExecutor</class>
      <method>runScript</method>
      <line>294</line>
    </frame>
    <frame>
      <class>com.kms.katalon.core.main.TestCaseExecutor</class>
      <method>doExecute</method>
      <line>285</line>
    </frame>
    <frame>
      <class>com.kms.katalon.core.main.TestCaseExecutor</class>
      <method>processExecutionPhase</method>
      <line>264</line>
    </frame>
    <frame>
      <class>com.kms.katalon.core.main.TestCaseExecutor</class>
      <method>accessMainPhase</method>
      <line>256</line>
    </frame>
    <frame>
      <class>com.kms.katalon.core.main.TestCaseExecutor</class>
      <method>execute</method>
      <line>200</line>
    </frame>
    <frame>
      <class>com.kms.katalon.core.main.TestSuiteExecutor</class>
      <method>accessTestCaseMainPhase</method>
      <line>129</line>
    </frame>
    <frame>
      <class>com.kms.katalon.core.main.TestSuiteExecutor</class>
      <method>accessTestSuiteMainPhase</method>
      <line>112</line>
    </frame>
    <frame>
      <class>com.kms.katalon.core.main.TestSuiteExecutor</class>
      <method>execute</method>
      <line>81</line>
    </frame>
    <frame>
      <class>com.kms.katalon.core.main.TestCaseMain</class>
      <method>startTestSuite</method>
      <line>142</line>
    </frame>
    <frame>
      <class>com.kms.katalon.core.main.TestCaseMain$startTestSuite$0</class>
      <method>call</method>
    </frame>
    <frame>
      <class>org.codehaus.groovy.runtime.callsite.CallSiteArray</class>
      <method>defaultCall</method>
      <line>48</line>
    </frame>
    <frame>
      <class>org.codehaus.groovy.runtime.callsite.AbstractCallSite</class>
      <method>call</method>
      <line>113</line>
    </frame>
    <frame>
      <class>org.codehaus.groovy.runtime.callsite.AbstractCallSite</class>
      <method>call</method>
      <line>141</line>
    </frame>
    <frame>
      <class>TempTestSuite1542691919772</class>
      <method>run</method>
      <line>36</line>
    </frame>
    <frame>
      <class>groovy.lang.GroovyShell</class>
      <method>runScriptOrMainOrTestOrRunnable</method>
      <line>263</line>
    </frame>
    <frame>
      <class>groovy.lang.GroovyShell</class>
      <method>run</method>
      <line>518</line>
    </frame>
    <frame>
      <class>groovy.lang.GroovyShell</class>
      <method>run</method>
      <line>507</line>
    </frame>
    <frame>
      <class>groovy.ui.GroovyMain</class>
      <method>processOnce</method>
      <line>653</line>
    </frame>
    <frame>
      <class>groovy.ui.GroovyMain</class>
      <method>run</method>
      <line>384</line>
    </frame>
    <frame>
      <class>groovy.ui.GroovyMain</class>
      <method>process</method>
      <line>370</line>
    </frame>
    <frame>
      <class>groovy.ui.GroovyMain</class>
      <method>processArgs</method>
      <line>129</line>
    </frame>
    <frame>
      <class>groovy.ui.GroovyMain</class>
      <method>main</method>
      <line>109</line>
    </frame>
    <frame>
      <class>sun.reflect.NativeMethodAccessorImpl</class>
      <method>invoke0</method>
    </frame>
    <frame>
      <class>sun.reflect.NativeMethodAccessorImpl</class>
      <method>invoke</method>
      <line>62</line>
    </frame>
    <frame>
      <class>sun.reflect.DelegatingMethodAccessorImpl</class>
      <method>invoke</method>
      <line>43</line>
    </frame>
    <frame>
      <class>java.lang.reflect.Method</class>
      <method>invoke</method>
      <line>498</line>
    </frame>
    <frame>
      <class>org.codehaus.groovy.tools.GroovyStarter</class>
      <method>rootLoader</method>
      <line>109</line>
    </frame>
    <frame>
      <class>org.codehaus.groovy.tools.GroovyStarter</class>
      <method>main</method>
      <line>131</line>
    </frame>
  </exception>
  <nestedLevel>0</nestedLevel>
</record>
<record>
  <date>2018-11-20T11:02:36</date>
  <millis>1542691956656</millis>
  <sequence>121</sequence>
  <level>END</level>
  <class>com.kms.katalon.core.logging.KeywordLogger</class>
  <method>endTest</method>
  <thread>1</thread>
  <message>End Test Case : Test Cases/Nirmal/TC5 - End To End Scenario</message>
  <nestedLevel>0</nestedLevel>
</record>
<record>
  <date>2018-11-20T11:02:37</date>
  <millis>1542691957243</millis>
  <sequence>122</sequence>
  <level>END</level>
  <class>com.kms.katalon.core.logging.KeywordLogger</class>
  <method>endSuite</method>
  <thread>1</thread>
  <message>End Test Suite : Test Suites/Nirmal/EndtoEndSceanrio</message>
  <nestedLevel>0</nestedLevel>
</record>
</log>
